{"/Users/therebelrobot/git/personal/note-taker/src/js/views/display/display-note.spec.js":{"path":"/Users/therebelrobot/git/personal/note-taker/src/js/views/display/display-note.spec.js","s":{"1":1,"2":1,"3":1,"4":1,"5":1,"6":1},"b":{},"f":{"1":1,"2":1},"fnMap":{"1":{"name":"(anonymous_1)","line":9,"loc":{"start":{"line":9,"column":25},"end":{"line":9,"column":37}}},"2":{"name":"(anonymous_2)","line":10,"loc":{"start":{"line":10,"column":29},"end":{"line":10,"column":45}}}},"statementMap":{"1":{"start":{"line":1,"column":0},"end":{"line":1,"column":35}},"2":{"start":{"line":4,"column":0},"end":{"line":4,"column":43}},"3":{"start":{"line":9,"column":0},"end":{"line":14,"column":2}},"4":{"start":{"line":10,"column":2},"end":{"line":13,"column":4}},"5":{"start":{"line":11,"column":4},"end":{"line":11,"column":43}},"6":{"start":{"line":12,"column":4},"end":{"line":12,"column":10}}},"branchMap":{}},"/Users/therebelrobot/git/personal/note-taker/src/js/views/display/display-note.js":{"path":"/Users/therebelrobot/git/personal/note-taker/src/js/views/display/display-note.js","s":{"1":1,"2":0,"3":0,"4":0,"5":0,"6":0,"7":0,"8":0,"9":0,"10":0,"11":0},"b":{},"f":{"1":0,"2":0},"fnMap":{"1":{"name":"displayNoteConstructor","line":1,"loc":{"start":{"line":1,"column":17},"end":{"line":1,"column":69}}},"2":{"name":"displayNoteMount","line":8,"loc":{"start":{"line":8,"column":10},"end":{"line":8,"column":39}}}},"statementMap":{"1":{"start":{"line":1,"column":0},"end":{"line":25,"column":1}},"2":{"start":{"line":2,"column":2},"end":{"line":2,"column":28}},"3":{"start":{"line":3,"column":2},"end":{"line":3,"column":34}},"4":{"start":{"line":4,"column":2},"end":{"line":4,"column":34}},"5":{"start":{"line":5,"column":2},"end":{"line":24,"column":4}},"6":{"start":{"line":10,"column":6},"end":{"line":10,"column":37}},"7":{"start":{"line":11,"column":6},"end":{"line":11,"column":32}},"8":{"start":{"line":13,"column":6},"end":{"line":13,"column":46}},"9":{"start":{"line":14,"column":6},"end":{"line":14,"column":41}},"10":{"start":{"line":16,"column":6},"end":{"line":16,"column":41}},"11":{"start":{"line":17,"column":6},"end":{"line":22,"column":7}}},"branchMap":{}}}