TN:
SF:/Users/therebelrobot/git/personal/note-taker/src/js/views/display/display-note.spec.js
FN:9,(anonymous_1)
FN:10,(anonymous_2)
FNF:2
FNH:2
FNDA:1,(anonymous_1)
FNDA:1,(anonymous_2)
DA:1,1
DA:4,1
DA:9,1
DA:10,1
DA:11,1
DA:12,1
LF:6
LH:6
BRF:0
BRH:0
end_of_record
TN:
SF:/Users/therebelrobot/git/personal/note-taker/src/js/views/display/display-note.js
FN:1,displayNoteConstructor
FN:8,displayNoteMount
FNF:2
FNH:0
FNDA:0,displayNoteConstructor
FNDA:0,displayNoteMount
DA:1,1
DA:2,0
DA:3,0
DA:4,0
DA:5,0
DA:10,0
DA:11,0
DA:13,0
DA:14,0
DA:16,0
DA:17,0
LF:11
LH:1
BRF:0
BRH:0
end_of_record
